<?xml version="1.0" encoding="UTF-8"?>
<testsuite name="com.bazlur.either.EitherTest" tests="1" skipped="0" failures="0" errors="0" timestamp="2015-10-05T16:31:19" hostname="rokonoid" time="0.036">
  <properties/>
  <testcase name="testEither" classname="com.bazlur.either.EitherTest" time="0.036"/>
  <system-out><![CDATA[]]></system-out>
  <system-err><![CDATA[]]></system-err>
</testsuite>
